Running on host node31-030
Time is Fri Dec 14 07:37:52 GMT 2018
Directory is /panfs/panasas01/cosc/ov18252
PBS job ID is 7845030.master.cm.cluster
------------
 runtime: 0.693502 s
------------
------------
 runtime: 0.348836 s
------------
------------
 runtime: 0.254979 s
------------
------------
 runtime: 0.197011 s
------------
------------
 runtime: 0.178513 s
------------
------------
 runtime: 0.149423 s
------------
------------
 runtime: 0.161702 s
------------
------------
 runtime: 0.123596 s
------------
------------
 runtime: 0.121919 s
------------
------------
 runtime: 0.116337 s
------------
------------
 runtime: 0.111226 s
------------
------------
 runtime: 0.107195 s
------------
------------
 runtime: 0.130914 s
------------
------------
 runtime: 0.098753 s
------------
------------
 runtime: 0.098121 s
------------
------------
 runtime: 0.115994 s
------------
