Running on host node31-029
Time is Fri Dec 14 07:42:23 GMT 2018
Directory is /panfs/panasas01/cosc/ov18252
PBS job ID is 7845046.master.cm.cluster
------------
 runtime: 18.088794 s
------------
------------
 runtime: 9.052749 s
------------
------------
 runtime: 6.454761 s
------------
------------
 runtime: 4.699022 s
------------
------------
 runtime: 4.093693 s
------------
------------
 runtime: 3.341070 s
------------
------------
 runtime: 2.902148 s
------------
------------
 runtime: 2.500874 s
------------
------------
 runtime: 2.367645 s
------------
------------
 runtime: 2.122752 s
------------
------------
 runtime: 2.014378 s
------------
------------
 runtime: 1.878504 s
------------
------------
 runtime: 1.824758 s
------------
------------
 runtime: 1.740519 s
------------
------------
 runtime: 1.674045 s
------------
------------
 runtime: 1.338143 s
------------
