Running on host node31-031
Time is Fri Dec 14 07:48:04 GMT 2018
Directory is /panfs/panasas01/cosc/ov18252
PBS job ID is 7845059.master.cm.cluster
------------
 runtime: 52.189446 s
------------
------------
 runtime: 26.101044 s
------------
------------
 runtime: 18.616330 s
------------
------------
 runtime: 13.526031 s
------------
------------
 runtime: 11.826333 s
------------
------------
 runtime: 9.534550 s
------------
------------
 runtime: 7.857750 s
------------
------------
 runtime: 7.060091 s
------------
------------
 runtime: 6.626329 s
------------
------------
 runtime: 6.108586 s
------------
------------
 runtime: 5.724356 s
------------
------------
 runtime: 5.413526 s
------------
------------
 runtime: 5.290172 s
------------
------------
 runtime: 5.016405 s
------------
------------
 runtime: 4.803469 s
------------
------------
 runtime: 4.189860 s
------------
